2020-10-24 21:24:56.120  INFO 14980 --- [restartedMain] c.s.e.EmployeeServiceApplication         : No active profile set, falling back to default profiles: default
2020-10-24 21:25:01.232  INFO 14980 --- [restartedMain] .s.d.r.c.RepositoryConfigurationDelegate : Bootstrapping Spring Data JPA repositories in DEFERRED mode.
2020-10-24 21:25:01.612  INFO 14980 --- [restartedMain] .s.d.r.c.RepositoryConfigurationDelegate : Finished Spring Data repository scanning in 327ms. Found 1 JPA repository interfaces.
2020-10-24 21:25:02.537  INFO 14980 --- [restartedMain] o.s.cloud.context.scope.GenericScope     : BeanFactory id=94dff5ae-a99e-3ea4-b14d-d5dcea1c4bfa
2020-10-24 21:25:05.311  INFO 14980 --- [restartedMain] o.s.b.w.embedded.tomcat.TomcatWebServer  : Tomcat initialized with port(s): 8092 (http)
2020-10-24 21:25:05.355  INFO 14980 --- [restartedMain] o.apache.catalina.core.StandardService   : Starting service [Tomcat]
2020-10-24 21:25:05.358  INFO 14980 --- [restartedMain] org.apache.catalina.core.StandardEngine  : Starting Servlet engine: [Apache Tomcat/9.0.37]
2020-10-24 21:25:05.964  INFO 14980 --- [restartedMain] o.a.c.c.C.[Tomcat].[localhost].[/]       : Initializing Spring embedded WebApplicationContext
2020-10-24 21:25:05.968  INFO 14980 --- [restartedMain] w.s.c.ServletWebServerApplicationContext : Root WebApplicationContext: initialization completed in 9727 ms
2020-10-24 21:25:07.790  INFO 14980 --- [restartedMain] o.s.s.concurrent.ThreadPoolTaskExecutor  : Initializing ExecutorService 'applicationTaskExecutor'
2020-10-24 21:25:08.043  INFO 14980 --- [task-1] o.hibernate.jpa.internal.util.LogHelper  : HHH000204: Processing PersistenceUnitInfo [name: default]
2020-10-24 21:25:08.403  INFO 14980 --- [task-1] org.hibernate.Version                    : HHH000412: Hibernate ORM core version 5.4.18.Final
2020-10-24 21:25:09.490  INFO 14980 --- [task-1] o.hibernate.annotations.common.Version   : HCANN000001: Hibernate Commons Annotations {5.1.0.Final}
2020-10-24 21:25:10.166  INFO 14980 --- [task-1] com.zaxxer.hikari.HikariDataSource       : HikariPool-1 - Starting...
2020-10-24 21:25:11.185  WARN 14980 --- [restartedMain] JpaBaseConfiguration$JpaWebConfiguration : spring.jpa.open-in-view is enabled by default. Therefore, database queries may be performed during view rendering. Explicitly configure spring.jpa.open-in-view to disable this warning
2020-10-24 21:25:13.100  INFO 14980 --- [task-1] com.zaxxer.hikari.HikariDataSource       : HikariPool-1 - Start completed.
2020-10-24 21:25:13.185  INFO 14980 --- [task-1] org.hibernate.dialect.Dialect            : HHH000400: Using dialect: org.hibernate.dialect.MySQL8Dialect
2020-10-24 21:25:16.161  INFO 14980 --- [task-1] o.h.e.t.j.p.i.JtaPlatformInitiator       : HHH000490: Using JtaPlatform implementation: [org.hibernate.engine.transaction.jta.platform.internal.NoJtaPlatform]
2020-10-24 21:25:16.205  INFO 14980 --- [task-1] j.LocalContainerEntityManagerFactoryBean : Initialized JPA EntityManagerFactory for persistence unit 'default'
2020-10-24 21:25:16.300  WARN 14980 --- [task-2] o.s.b.d.a.OptionalLiveReloadServer       : Unable to start LiveReload server
2020-10-24 21:25:16.588  INFO 14980 --- [restartedMain] o.s.b.a.e.web.EndpointLinksResolver      : Exposing 2 endpoint(s) beneath base path '/actuator'
2020-10-24 21:25:17.123  INFO 14980 --- [restartedMain] o.s.b.w.embedded.tomcat.TomcatWebServer  : Tomcat started on port(s): 8092 (http) with context path ''
2020-10-24 21:25:19.246  INFO 14980 --- [restartedMain] DeferredRepositoryInitializationListener : Triggering deferred initialization of Spring Data repositories…
2020-10-24 21:25:20.523  INFO 14980 --- [restartedMain] DeferredRepositoryInitializationListener : Spring Data repositories initialized!
2020-10-24 21:25:20.573  INFO 14980 --- [restartedMain] c.s.e.EmployeeServiceApplication         : Started EmployeeServiceApplication in 41.548 seconds (JVM running for 45.38)
2020-10-24 21:29:35.411  INFO 14980 --- [Thread-4] j.LocalContainerEntityManagerFactoryBean : Closing JPA EntityManagerFactory for persistence unit 'default'
2020-10-24 21:29:35.428  INFO 14980 --- [Thread-4] o.s.s.concurrent.ThreadPoolTaskExecutor  : Shutting down ExecutorService 'applicationTaskExecutor'
2020-10-24 21:29:35.435  INFO 14980 --- [Thread-4] com.zaxxer.hikari.HikariDataSource       : HikariPool-1 - Shutdown initiated...
2020-10-24 21:29:35.499  INFO 14980 --- [Thread-4] com.zaxxer.hikari.HikariDataSource       : HikariPool-1 - Shutdown completed.
2020-10-24 21:29:42.374  INFO 14980 --- [restartedMain] c.s.e.EmployeeServiceApplication         : No active profile set, falling back to default profiles: default
2020-10-24 21:29:43.303  INFO 14980 --- [restartedMain] .s.d.r.c.RepositoryConfigurationDelegate : Bootstrapping Spring Data JPA repositories in DEFERRED mode.
2020-10-24 21:29:43.347  INFO 14980 --- [restartedMain] .s.d.r.c.RepositoryConfigurationDelegate : Finished Spring Data repository scanning in 42ms. Found 1 JPA repository interfaces.
2020-10-24 21:29:43.459  INFO 14980 --- [restartedMain] o.s.cloud.context.scope.GenericScope     : BeanFactory id=94dff5ae-a99e-3ea4-b14d-d5dcea1c4bfa
2020-10-24 21:29:43.939  INFO 14980 --- [restartedMain] o.s.b.w.embedded.tomcat.TomcatWebServer  : Tomcat initialized with port(s): 8092 (http)
2020-10-24 21:29:43.941  INFO 14980 --- [restartedMain] o.apache.catalina.core.StandardService   : Starting service [Tomcat]
2020-10-24 21:29:43.943  INFO 14980 --- [restartedMain] org.apache.catalina.core.StandardEngine  : Starting Servlet engine: [Apache Tomcat/9.0.37]
2020-10-24 21:29:44.012  INFO 14980 --- [restartedMain] o.a.c.c.C.[Tomcat].[localhost].[/]       : Initializing Spring embedded WebApplicationContext
2020-10-24 21:29:44.013  INFO 14980 --- [restartedMain] w.s.c.ServletWebServerApplicationContext : Root WebApplicationContext: initialization completed in 1625 ms
2020-10-24 21:29:44.238  INFO 14980 --- [restartedMain] o.s.s.concurrent.ThreadPoolTaskExecutor  : Initializing ExecutorService 'applicationTaskExecutor'
2020-10-24 21:29:44.262  INFO 14980 --- [task-1] o.hibernate.jpa.internal.util.LogHelper  : HHH000204: Processing PersistenceUnitInfo [name: default]
2020-10-24 21:29:44.288  INFO 14980 --- [task-1] com.zaxxer.hikari.HikariDataSource       : HikariPool-2 - Starting...
2020-10-24 21:29:44.363  INFO 14980 --- [task-1] com.zaxxer.hikari.HikariDataSource       : HikariPool-2 - Start completed.
2020-10-24 21:29:44.365  INFO 14980 --- [task-1] org.hibernate.dialect.Dialect            : HHH000400: Using dialect: org.hibernate.dialect.MySQL8Dialect
2020-10-24 21:29:44.466  INFO 14980 --- [task-1] o.h.e.t.j.p.i.JtaPlatformInitiator       : HHH000490: Using JtaPlatform implementation: [org.hibernate.engine.transaction.jta.platform.internal.NoJtaPlatform]
2020-10-24 21:29:44.468  INFO 14980 --- [task-1] j.LocalContainerEntityManagerFactoryBean : Initialized JPA EntityManagerFactory for persistence unit 'default'
2020-10-24 21:29:45.786  WARN 14980 --- [task-2] o.s.b.d.a.OptionalLiveReloadServer       : Unable to start LiveReload server
2020-10-24 21:29:45.846  WARN 14980 --- [restartedMain] JpaBaseConfiguration$JpaWebConfiguration : spring.jpa.open-in-view is enabled by default. Therefore, database queries may be performed during view rendering. Explicitly configure spring.jpa.open-in-view to disable this warning
2020-10-24 21:29:46.763  INFO 14980 --- [restartedMain] o.s.b.a.e.web.EndpointLinksResolver      : Exposing 2 endpoint(s) beneath base path '/actuator'
2020-10-24 21:29:47.007  INFO 14980 --- [restartedMain] o.s.b.w.embedded.tomcat.TomcatWebServer  : Tomcat started on port(s): 8092 (http) with context path ''
2020-10-24 21:29:48.497  INFO 14980 --- [restartedMain] DeferredRepositoryInitializationListener : Triggering deferred initialization of Spring Data repositories…
2020-10-24 21:29:48.589  INFO 14980 --- [restartedMain] DeferredRepositoryInitializationListener : Spring Data repositories initialized!
2020-10-24 21:29:48.614  INFO 14980 --- [restartedMain] c.s.e.EmployeeServiceApplication         : Started EmployeeServiceApplication in 12.471 seconds (JVM running for 313.422)
2020-10-24 21:29:48.622  INFO 14980 --- [restartedMain] .ConditionEvaluationDeltaLoggingListener : Condition evaluation unchanged
2020-10-24 21:31:31.261  INFO 14980 --- [Thread-16] j.LocalContainerEntityManagerFactoryBean : Closing JPA EntityManagerFactory for persistence unit 'default'
2020-10-24 21:31:31.264  INFO 14980 --- [Thread-16] o.s.s.concurrent.ThreadPoolTaskExecutor  : Shutting down ExecutorService 'applicationTaskExecutor'
2020-10-24 21:31:31.267  INFO 14980 --- [Thread-16] com.zaxxer.hikari.HikariDataSource       : HikariPool-2 - Shutdown initiated...
2020-10-24 21:31:31.368  INFO 14980 --- [Thread-16] com.zaxxer.hikari.HikariDataSource       : HikariPool-2 - Shutdown completed.
2020-10-24 21:31:35.549  INFO 14980 --- [restartedMain] c.s.e.EmployeeServiceApplication         : No active profile set, falling back to default profiles: default
2020-10-24 21:31:36.352  INFO 14980 --- [restartedMain] .s.d.r.c.RepositoryConfigurationDelegate : Bootstrapping Spring Data JPA repositories in DEFERRED mode.
2020-10-24 21:31:36.402  INFO 14980 --- [restartedMain] .s.d.r.c.RepositoryConfigurationDelegate : Finished Spring Data repository scanning in 47ms. Found 1 JPA repository interfaces.
2020-10-24 21:31:36.581  INFO 14980 --- [restartedMain] o.s.cloud.context.scope.GenericScope     : BeanFactory id=94dff5ae-a99e-3ea4-b14d-d5dcea1c4bfa
2020-10-24 21:31:37.007  INFO 14980 --- [restartedMain] o.s.b.w.embedded.tomcat.TomcatWebServer  : Tomcat initialized with port(s): 8092 (http)
2020-10-24 21:31:37.008  INFO 14980 --- [restartedMain] o.apache.catalina.core.StandardService   : Starting service [Tomcat]
2020-10-24 21:31:37.009  INFO 14980 --- [restartedMain] org.apache.catalina.core.StandardEngine  : Starting Servlet engine: [Apache Tomcat/9.0.37]
2020-10-24 21:31:37.054  INFO 14980 --- [restartedMain] o.a.c.c.C.[Tomcat].[localhost].[/]       : Initializing Spring embedded WebApplicationContext
2020-10-24 21:31:37.055  INFO 14980 --- [restartedMain] w.s.c.ServletWebServerApplicationContext : Root WebApplicationContext: initialization completed in 1499 ms
2020-10-24 21:31:37.240  INFO 14980 --- [restartedMain] o.s.s.concurrent.ThreadPoolTaskExecutor  : Initializing ExecutorService 'applicationTaskExecutor'
2020-10-24 21:31:37.254  INFO 14980 --- [task-1] o.hibernate.jpa.internal.util.LogHelper  : HHH000204: Processing PersistenceUnitInfo [name: default]
2020-10-24 21:31:37.269  INFO 14980 --- [task-1] com.zaxxer.hikari.HikariDataSource       : HikariPool-3 - Starting...
2020-10-24 21:31:37.310  INFO 14980 --- [task-1] com.zaxxer.hikari.HikariDataSource       : HikariPool-3 - Start completed.
2020-10-24 21:31:37.311  INFO 14980 --- [task-1] org.hibernate.dialect.Dialect            : HHH000400: Using dialect: org.hibernate.dialect.MySQL8Dialect
2020-10-24 21:31:37.412  INFO 14980 --- [task-1] o.h.e.t.j.p.i.JtaPlatformInitiator       : HHH000490: Using JtaPlatform implementation: [org.hibernate.engine.transaction.jta.platform.internal.NoJtaPlatform]
2020-10-24 21:31:37.413  INFO 14980 --- [task-1] j.LocalContainerEntityManagerFactoryBean : Initialized JPA EntityManagerFactory for persistence unit 'default'
2020-10-24 21:31:38.645  WARN 14980 --- [task-2] o.s.b.d.a.OptionalLiveReloadServer       : Unable to start LiveReload server
2020-10-24 21:31:38.683  WARN 14980 --- [restartedMain] JpaBaseConfiguration$JpaWebConfiguration : spring.jpa.open-in-view is enabled by default. Therefore, database queries may be performed during view rendering. Explicitly configure spring.jpa.open-in-view to disable this warning
2020-10-24 21:31:39.413  INFO 14980 --- [restartedMain] o.s.b.a.e.web.EndpointLinksResolver      : Exposing 2 endpoint(s) beneath base path '/actuator'
2020-10-24 21:31:39.541  INFO 14980 --- [restartedMain] o.s.b.w.embedded.tomcat.TomcatWebServer  : Tomcat started on port(s): 8092 (http) with context path ''
2020-10-24 21:31:40.838  INFO 14980 --- [restartedMain] DeferredRepositoryInitializationListener : Triggering deferred initialization of Spring Data repositories…
2020-10-24 21:31:40.912  INFO 14980 --- [restartedMain] DeferredRepositoryInitializationListener : Spring Data repositories initialized!
2020-10-24 21:31:40.933  INFO 14980 --- [restartedMain] c.s.e.EmployeeServiceApplication         : Started EmployeeServiceApplication in 8.994 seconds (JVM running for 425.741)
2020-10-24 21:31:40.938  INFO 14980 --- [restartedMain] .ConditionEvaluationDeltaLoggingListener : Condition evaluation unchanged
2020-10-24 21:32:05.154  INFO 14980 --- [Thread-26] j.LocalContainerEntityManagerFactoryBean : Closing JPA EntityManagerFactory for persistence unit 'default'
2020-10-24 21:32:05.156  INFO 14980 --- [Thread-26] o.s.s.concurrent.ThreadPoolTaskExecutor  : Shutting down ExecutorService 'applicationTaskExecutor'
2020-10-24 21:32:05.158  INFO 14980 --- [Thread-26] com.zaxxer.hikari.HikariDataSource       : HikariPool-3 - Shutdown initiated...
2020-10-24 21:32:05.213  INFO 14980 --- [Thread-26] com.zaxxer.hikari.HikariDataSource       : HikariPool-3 - Shutdown completed.
2020-10-24 21:32:10.151  INFO 14980 --- [restartedMain] c.s.e.EmployeeServiceApplication         : No active profile set, falling back to default profiles: default
2020-10-24 21:32:11.114  INFO 14980 --- [restartedMain] .s.d.r.c.RepositoryConfigurationDelegate : Bootstrapping Spring Data JPA repositories in DEFERRED mode.
2020-10-24 21:32:11.180  INFO 14980 --- [restartedMain] .s.d.r.c.RepositoryConfigurationDelegate : Finished Spring Data repository scanning in 63ms. Found 1 JPA repository interfaces.
2020-10-24 21:32:11.381  INFO 14980 --- [restartedMain] o.s.cloud.context.scope.GenericScope     : BeanFactory id=94dff5ae-a99e-3ea4-b14d-d5dcea1c4bfa
2020-10-24 21:32:11.707  INFO 14980 --- [restartedMain] o.s.b.w.embedded.tomcat.TomcatWebServer  : Tomcat initialized with port(s): 8092 (http)
2020-10-24 21:32:11.708  INFO 14980 --- [restartedMain] o.apache.catalina.core.StandardService   : Starting service [Tomcat]
2020-10-24 21:32:11.708  INFO 14980 --- [restartedMain] org.apache.catalina.core.StandardEngine  : Starting Servlet engine: [Apache Tomcat/9.0.37]
2020-10-24 21:32:11.753  INFO 14980 --- [restartedMain] o.a.c.c.C.[Tomcat].[localhost].[/]       : Initializing Spring embedded WebApplicationContext
2020-10-24 21:32:11.754  INFO 14980 --- [restartedMain] w.s.c.ServletWebServerApplicationContext : Root WebApplicationContext: initialization completed in 1597 ms
2020-10-24 21:32:11.912  INFO 14980 --- [restartedMain] o.s.s.concurrent.ThreadPoolTaskExecutor  : Initializing ExecutorService 'applicationTaskExecutor'
2020-10-24 21:32:11.922  INFO 14980 --- [task-1] o.hibernate.jpa.internal.util.LogHelper  : HHH000204: Processing PersistenceUnitInfo [name: default]
2020-10-24 21:32:11.934  INFO 14980 --- [task-1] com.zaxxer.hikari.HikariDataSource       : HikariPool-4 - Starting...
2020-10-24 21:32:11.981  INFO 14980 --- [task-1] com.zaxxer.hikari.HikariDataSource       : HikariPool-4 - Start completed.
2020-10-24 21:32:11.982  INFO 14980 --- [task-1] org.hibernate.dialect.Dialect            : HHH000400: Using dialect: org.hibernate.dialect.MySQL8Dialect
2020-10-24 21:32:12.066  INFO 14980 --- [task-1] o.h.e.t.j.p.i.JtaPlatformInitiator       : HHH000490: Using JtaPlatform implementation: [org.hibernate.engine.transaction.jta.platform.internal.NoJtaPlatform]
2020-10-24 21:32:12.067  INFO 14980 --- [task-1] j.LocalContainerEntityManagerFactoryBean : Initialized JPA EntityManagerFactory for persistence unit 'default'
2020-10-24 21:32:13.157  WARN 14980 --- [task-2] o.s.b.d.a.OptionalLiveReloadServer       : Unable to start LiveReload server
2020-10-24 21:32:13.184  WARN 14980 --- [restartedMain] JpaBaseConfiguration$JpaWebConfiguration : spring.jpa.open-in-view is enabled by default. Therefore, database queries may be performed during view rendering. Explicitly configure spring.jpa.open-in-view to disable this warning
2020-10-24 21:32:13.889  INFO 14980 --- [restartedMain] o.s.b.a.e.web.EndpointLinksResolver      : Exposing 2 endpoint(s) beneath base path '/actuator'
2020-10-24 21:32:14.022  INFO 14980 --- [restartedMain] o.s.b.w.embedded.tomcat.TomcatWebServer  : Tomcat started on port(s): 8092 (http) with context path ''
2020-10-24 21:32:15.761  INFO 14980 --- [restartedMain] DeferredRepositoryInitializationListener : Triggering deferred initialization of Spring Data repositories…
2020-10-24 21:32:15.878  INFO 14980 --- [restartedMain] DeferredRepositoryInitializationListener : Spring Data repositories initialized!
2020-10-24 21:32:15.907  INFO 14980 --- [restartedMain] c.s.e.EmployeeServiceApplication         : Started EmployeeServiceApplication in 10.348 seconds (JVM running for 460.715)
2020-10-24 21:32:15.918  INFO 14980 --- [restartedMain] .ConditionEvaluationDeltaLoggingListener : Condition evaluation unchanged
2020-10-24 21:35:33.014  INFO 14980 --- [Thread-36] j.LocalContainerEntityManagerFactoryBean : Closing JPA EntityManagerFactory for persistence unit 'default'
2020-10-24 21:35:33.017  INFO 14980 --- [Thread-36] o.s.s.concurrent.ThreadPoolTaskExecutor  : Shutting down ExecutorService 'applicationTaskExecutor'
2020-10-24 21:35:33.019  INFO 14980 --- [Thread-36] com.zaxxer.hikari.HikariDataSource       : HikariPool-4 - Shutdown initiated...
2020-10-24 21:35:33.125  INFO 14980 --- [Thread-36] com.zaxxer.hikari.HikariDataSource       : HikariPool-4 - Shutdown completed.
2020-10-24 21:35:38.077  INFO 14980 --- [restartedMain] c.s.e.EmployeeServiceApplication         : No active profile set, falling back to default profiles: default
2020-10-24 21:35:39.062  INFO 14980 --- [restartedMain] .s.d.r.c.RepositoryConfigurationDelegate : Bootstrapping Spring Data JPA repositories in DEFERRED mode.
2020-10-24 21:35:39.156  INFO 14980 --- [restartedMain] .s.d.r.c.RepositoryConfigurationDelegate : Finished Spring Data repository scanning in 92ms. Found 1 JPA repository interfaces.
2020-10-24 21:35:39.470  INFO 14980 --- [restartedMain] o.s.cloud.context.scope.GenericScope     : BeanFactory id=94dff5ae-a99e-3ea4-b14d-d5dcea1c4bfa
2020-10-24 21:35:40.107  INFO 14980 --- [restartedMain] o.s.b.w.embedded.tomcat.TomcatWebServer  : Tomcat initialized with port(s): 8092 (http)
2020-10-24 21:35:40.109  INFO 14980 --- [restartedMain] o.apache.catalina.core.StandardService   : Starting service [Tomcat]
2020-10-24 21:35:40.110  INFO 14980 --- [restartedMain] org.apache.catalina.core.StandardEngine  : Starting Servlet engine: [Apache Tomcat/9.0.37]
2020-10-24 21:35:40.197  INFO 14980 --- [restartedMain] o.a.c.c.C.[Tomcat].[localhost].[/]       : Initializing Spring embedded WebApplicationContext
2020-10-24 21:35:40.199  INFO 14980 --- [restartedMain] w.s.c.ServletWebServerApplicationContext : Root WebApplicationContext: initialization completed in 2110 ms
2020-10-24 21:35:40.550  INFO 14980 --- [restartedMain] o.s.s.concurrent.ThreadPoolTaskExecutor  : Initializing ExecutorService 'applicationTaskExecutor'
2020-10-24 21:35:40.586  INFO 14980 --- [task-1] o.hibernate.jpa.internal.util.LogHelper  : HHH000204: Processing PersistenceUnitInfo [name: default]
2020-10-24 21:35:40.608  INFO 14980 --- [task-1] com.zaxxer.hikari.HikariDataSource       : HikariPool-5 - Starting...
2020-10-24 21:35:40.674  INFO 14980 --- [task-1] com.zaxxer.hikari.HikariDataSource       : HikariPool-5 - Start completed.
2020-10-24 21:35:40.677  INFO 14980 --- [task-1] org.hibernate.dialect.Dialect            : HHH000400: Using dialect: org.hibernate.dialect.MySQL8Dialect
2020-10-24 21:35:40.817  INFO 14980 --- [task-1] o.h.e.t.j.p.i.JtaPlatformInitiator       : HHH000490: Using JtaPlatform implementation: [org.hibernate.engine.transaction.jta.platform.internal.NoJtaPlatform]
2020-10-24 21:35:40.819  INFO 14980 --- [task-1] j.LocalContainerEntityManagerFactoryBean : Initialized JPA EntityManagerFactory for persistence unit 'default'
2020-10-24 21:35:42.781  WARN 14980 --- [task-2] o.s.b.d.a.OptionalLiveReloadServer       : Unable to start LiveReload server
2020-10-24 21:35:42.830  WARN 14980 --- [restartedMain] JpaBaseConfiguration$JpaWebConfiguration : spring.jpa.open-in-view is enabled by default. Therefore, database queries may be performed during view rendering. Explicitly configure spring.jpa.open-in-view to disable this warning
2020-10-24 21:35:43.282  INFO 14980 --- [restartedMain] o.s.b.a.e.web.EndpointLinksResolver      : Exposing 2 endpoint(s) beneath base path '/actuator'
2020-10-24 21:35:43.358  INFO 14980 --- [restartedMain] o.s.b.w.embedded.tomcat.TomcatWebServer  : Tomcat started on port(s): 8092 (http) with context path ''
2020-10-24 21:35:44.405  INFO 14980 --- [restartedMain] DeferredRepositoryInitializationListener : Triggering deferred initialization of Spring Data repositories…
2020-10-24 21:35:44.476  INFO 14980 --- [restartedMain] DeferredRepositoryInitializationListener : Spring Data repositories initialized!
2020-10-24 21:35:44.499  INFO 14980 --- [restartedMain] c.s.e.EmployeeServiceApplication         : Started EmployeeServiceApplication in 10.775 seconds (JVM running for 669.307)
2020-10-24 21:35:44.505  INFO 14980 --- [restartedMain] .ConditionEvaluationDeltaLoggingListener : Condition evaluation unchanged
2020-10-24 21:36:51.314  INFO 14980 --- [http-nio-8092-exec-1] o.a.c.c.C.[Tomcat].[localhost].[/]       : Initializing Spring DispatcherServlet 'dispatcherServlet'
2020-10-24 21:36:51.316  INFO 14980 --- [http-nio-8092-exec-1] o.s.web.servlet.DispatcherServlet        : Initializing Servlet 'dispatcherServlet'
2020-10-24 21:36:51.357  INFO 14980 --- [http-nio-8092-exec-1] o.s.web.servlet.DispatcherServlet        : Completed initialization in 40 ms
2020-10-24 21:41:50.928  INFO 14980 --- [http-nio-8092-exec-8] c.s.e.controller.EmployeeController      : Start
2020-10-24 21:41:51.015  INFO 14980 --- [http-nio-8092-exec-8] c.s.e.service.EmployeeServiceImpl        : Start
2020-10-24 21:41:51.429 DEBUG 14980 --- [http-nio-8092-exec-8] org.hibernate.SQL                        : select employee0_.emp_id as emp_id1_0_, employee0_.emp_domain as emp_doma2_0_, employee0_.emp_designation as emp_desi3_0_, employee0_.emp_name as emp_name4_0_, employee0_.emp_salary as emp_sala5_0_ from employee employee0_
2020-10-24 21:41:51.600 TRACE 14980 --- [http-nio-8092-exec-8] o.h.type.descriptor.sql.BasicExtractor   : extracted value ([emp_id1_0_] : [BIGINT]) - [1]
2020-10-24 21:41:51.642 TRACE 14980 --- [http-nio-8092-exec-8] o.h.type.descriptor.sql.BasicExtractor   : extracted value ([emp_doma2_0_] : [VARCHAR]) - [Healthcare]
2020-10-24 21:41:51.644 TRACE 14980 --- [http-nio-8092-exec-8] o.h.type.descriptor.sql.BasicExtractor   : extracted value ([emp_desi3_0_] : [VARCHAR]) - [Trainee]
2020-10-24 21:41:51.646 TRACE 14980 --- [http-nio-8092-exec-8] o.h.type.descriptor.sql.BasicExtractor   : extracted value ([emp_name4_0_] : [VARCHAR]) - [Ram]
2020-10-24 21:41:51.647 TRACE 14980 --- [http-nio-8092-exec-8] o.h.type.descriptor.sql.BasicExtractor   : extracted value ([emp_sala5_0_] : [VARCHAR]) - [27000]
2020-10-24 21:41:51.654 TRACE 14980 --- [http-nio-8092-exec-8] o.h.type.descriptor.sql.BasicExtractor   : extracted value ([emp_id1_0_] : [BIGINT]) - [2]
2020-10-24 21:41:51.656 TRACE 14980 --- [http-nio-8092-exec-8] o.h.type.descriptor.sql.BasicExtractor   : extracted value ([emp_doma2_0_] : [VARCHAR]) - [Insurance]
2020-10-24 21:41:51.658 TRACE 14980 --- [http-nio-8092-exec-8] o.h.type.descriptor.sql.BasicExtractor   : extracted value ([emp_desi3_0_] : [VARCHAR]) - [Analyst]
2020-10-24 21:41:51.659 TRACE 14980 --- [http-nio-8092-exec-8] o.h.type.descriptor.sql.BasicExtractor   : extracted value ([emp_name4_0_] : [VARCHAR]) - [Dhanush]
2020-10-24 21:41:51.660 TRACE 14980 --- [http-nio-8092-exec-8] o.h.type.descriptor.sql.BasicExtractor   : extracted value ([emp_sala5_0_] : [VARCHAR]) - [30000]
2020-10-24 21:41:51.661 TRACE 14980 --- [http-nio-8092-exec-8] o.h.type.descriptor.sql.BasicExtractor   : extracted value ([emp_id1_0_] : [BIGINT]) - [3]
2020-10-24 21:41:51.663 TRACE 14980 --- [http-nio-8092-exec-8] o.h.type.descriptor.sql.BasicExtractor   : extracted value ([emp_doma2_0_] : [VARCHAR]) - [Retail]
2020-10-24 21:41:51.664 TRACE 14980 --- [http-nio-8092-exec-8] o.h.type.descriptor.sql.BasicExtractor   : extracted value ([emp_desi3_0_] : [VARCHAR]) - [Associatte]
2020-10-24 21:41:51.665 TRACE 14980 --- [http-nio-8092-exec-8] o.h.type.descriptor.sql.BasicExtractor   : extracted value ([emp_name4_0_] : [VARCHAR]) - [Dinesh]
2020-10-24 21:41:51.666 TRACE 14980 --- [http-nio-8092-exec-8] o.h.type.descriptor.sql.BasicExtractor   : extracted value ([emp_sala5_0_] : [VARCHAR]) - [45000]
2020-10-24 21:41:51.668 TRACE 14980 --- [http-nio-8092-exec-8] o.h.type.descriptor.sql.BasicExtractor   : extracted value ([emp_id1_0_] : [BIGINT]) - [4]
2020-10-24 21:41:51.669 TRACE 14980 --- [http-nio-8092-exec-8] o.h.type.descriptor.sql.BasicExtractor   : extracted value ([emp_doma2_0_] : [VARCHAR]) - [Healthcare]
2020-10-24 21:41:51.671 TRACE 14980 --- [http-nio-8092-exec-8] o.h.type.descriptor.sql.BasicExtractor   : extracted value ([emp_desi3_0_] : [VARCHAR]) - [Analyst]
2020-10-24 21:41:51.673 TRACE 14980 --- [http-nio-8092-exec-8] o.h.type.descriptor.sql.BasicExtractor   : extracted value ([emp_name4_0_] : [VARCHAR]) - [Rajesh]
2020-10-24 21:41:51.674 TRACE 14980 --- [http-nio-8092-exec-8] o.h.type.descriptor.sql.BasicExtractor   : extracted value ([emp_sala5_0_] : [VARCHAR]) - [35000]
2020-10-24 21:41:51.675 TRACE 14980 --- [http-nio-8092-exec-8] o.h.type.descriptor.sql.BasicExtractor   : extracted value ([emp_id1_0_] : [BIGINT]) - [5]
2020-10-24 21:41:51.677 TRACE 14980 --- [http-nio-8092-exec-8] o.h.type.descriptor.sql.BasicExtractor   : extracted value ([emp_doma2_0_] : [VARCHAR]) - [Insurance]
2020-10-24 21:41:51.678 TRACE 14980 --- [http-nio-8092-exec-8] o.h.type.descriptor.sql.BasicExtractor   : extracted value ([emp_desi3_0_] : [VARCHAR]) - [Adsociate]
2020-10-24 21:41:51.680 TRACE 14980 --- [http-nio-8092-exec-8] o.h.type.descriptor.sql.BasicExtractor   : extracted value ([emp_name4_0_] : [VARCHAR]) - [Sundar]
2020-10-24 21:41:51.681 TRACE 14980 --- [http-nio-8092-exec-8] o.h.type.descriptor.sql.BasicExtractor   : extracted value ([emp_sala5_0_] : [VARCHAR]) - [40000]
2020-10-24 21:44:09.606  INFO 14980 --- [Thread-46] j.LocalContainerEntityManagerFactoryBean : Closing JPA EntityManagerFactory for persistence unit 'default'
2020-10-24 21:44:09.623  INFO 14980 --- [Thread-46] o.s.s.concurrent.ThreadPoolTaskExecutor  : Shutting down ExecutorService 'applicationTaskExecutor'
2020-10-24 21:44:09.627  INFO 14980 --- [Thread-46] com.zaxxer.hikari.HikariDataSource       : HikariPool-5 - Shutdown initiated...
2020-10-24 21:44:09.752  INFO 14980 --- [Thread-46] com.zaxxer.hikari.HikariDataSource       : HikariPool-5 - Shutdown completed.
2020-10-24 21:44:15.665  INFO 14980 --- [restartedMain] c.s.e.EmployeeServiceApplication         : No active profile set, falling back to default profiles: default
2020-10-24 21:44:17.380  INFO 14980 --- [restartedMain] .s.d.r.c.RepositoryConfigurationDelegate : Bootstrapping Spring Data JPA repositories in DEFERRED mode.
2020-10-24 21:44:17.446  INFO 14980 --- [restartedMain] .s.d.r.c.RepositoryConfigurationDelegate : Finished Spring Data repository scanning in 64ms. Found 1 JPA repository interfaces.
2020-10-24 21:44:17.612  INFO 14980 --- [restartedMain] o.s.cloud.context.scope.GenericScope     : BeanFactory id=94dff5ae-a99e-3ea4-b14d-d5dcea1c4bfa
2020-10-24 21:44:18.070  INFO 14980 --- [restartedMain] o.s.b.w.embedded.tomcat.TomcatWebServer  : Tomcat initialized with port(s): 8092 (http)
2020-10-24 21:44:18.072  INFO 14980 --- [restartedMain] o.apache.catalina.core.StandardService   : Starting service [Tomcat]
2020-10-24 21:44:18.072  INFO 14980 --- [restartedMain] org.apache.catalina.core.StandardEngine  : Starting Servlet engine: [Apache Tomcat/9.0.37]
2020-10-24 21:44:18.109  INFO 14980 --- [restartedMain] o.a.c.c.C.[Tomcat].[localhost].[/]       : Initializing Spring embedded WebApplicationContext
2020-10-24 21:44:18.110  INFO 14980 --- [restartedMain] w.s.c.ServletWebServerApplicationContext : Root WebApplicationContext: initialization completed in 2429 ms
2020-10-24 21:44:18.263  INFO 14980 --- [restartedMain] o.s.s.concurrent.ThreadPoolTaskExecutor  : Initializing ExecutorService 'applicationTaskExecutor'
2020-10-24 21:44:18.278  INFO 14980 --- [task-1] o.hibernate.jpa.internal.util.LogHelper  : HHH000204: Processing PersistenceUnitInfo [name: default]
2020-10-24 21:44:18.290  INFO 14980 --- [task-1] com.zaxxer.hikari.HikariDataSource       : HikariPool-6 - Starting...
2020-10-24 21:44:18.351  INFO 14980 --- [task-1] com.zaxxer.hikari.HikariDataSource       : HikariPool-6 - Start completed.
2020-10-24 21:44:18.352  INFO 14980 --- [task-1] org.hibernate.dialect.Dialect            : HHH000400: Using dialect: org.hibernate.dialect.MySQL8Dialect
2020-10-24 21:44:18.423  INFO 14980 --- [task-1] o.h.e.t.j.p.i.JtaPlatformInitiator       : HHH000490: Using JtaPlatform implementation: [org.hibernate.engine.transaction.jta.platform.internal.NoJtaPlatform]
2020-10-24 21:44:18.424  INFO 14980 --- [task-1] j.LocalContainerEntityManagerFactoryBean : Initialized JPA EntityManagerFactory for persistence unit 'default'
2020-10-24 21:44:19.358  WARN 14980 --- [task-2] o.s.b.d.a.OptionalLiveReloadServer       : Unable to start LiveReload server
2020-10-24 21:44:19.390  WARN 14980 --- [restartedMain] JpaBaseConfiguration$JpaWebConfiguration : spring.jpa.open-in-view is enabled by default. Therefore, database queries may be performed during view rendering. Explicitly configure spring.jpa.open-in-view to disable this warning
2020-10-24 21:44:19.742  INFO 14980 --- [restartedMain] o.s.b.a.e.web.EndpointLinksResolver      : Exposing 2 endpoint(s) beneath base path '/actuator'
2020-10-24 21:44:19.846  INFO 14980 --- [restartedMain] o.s.b.w.embedded.tomcat.TomcatWebServer  : Tomcat started on port(s): 8092 (http) with context path ''
2020-10-24 21:44:20.751  INFO 14980 --- [restartedMain] DeferredRepositoryInitializationListener : Triggering deferred initialization of Spring Data repositories…
2020-10-24 21:44:20.842  INFO 14980 --- [restartedMain] DeferredRepositoryInitializationListener : Spring Data repositories initialized!
2020-10-24 21:44:20.866  INFO 14980 --- [restartedMain] c.s.e.EmployeeServiceApplication         : Started EmployeeServiceApplication in 10.145 seconds (JVM running for 1185.674)
2020-10-24 21:44:20.872  INFO 14980 --- [restartedMain] .ConditionEvaluationDeltaLoggingListener : Condition evaluation unchanged
2020-10-24 21:46:21.729  INFO 14980 --- [http-nio-8092-exec-2] o.a.c.c.C.[Tomcat].[localhost].[/]       : Initializing Spring DispatcherServlet 'dispatcherServlet'
2020-10-24 21:46:21.730  INFO 14980 --- [http-nio-8092-exec-2] o.s.web.servlet.DispatcherServlet        : Initializing Servlet 'dispatcherServlet'
2020-10-24 21:46:21.744  INFO 14980 --- [http-nio-8092-exec-2] o.s.web.servlet.DispatcherServlet        : Completed initialization in 13 ms
2020-10-24 21:47:19.864  INFO 14980 --- [Thread-56] j.LocalContainerEntityManagerFactoryBean : Closing JPA EntityManagerFactory for persistence unit 'default'
2020-10-24 21:47:19.869  INFO 14980 --- [Thread-56] o.s.s.concurrent.ThreadPoolTaskExecutor  : Shutting down ExecutorService 'applicationTaskExecutor'
2020-10-24 21:47:19.872  INFO 14980 --- [Thread-56] com.zaxxer.hikari.HikariDataSource       : HikariPool-6 - Shutdown initiated...
2020-10-24 21:47:19.986  INFO 14980 --- [Thread-56] com.zaxxer.hikari.HikariDataSource       : HikariPool-6 - Shutdown completed.
2020-10-24 21:56:19.342  INFO 15048 --- [restartedMain] c.s.e.EmployeeServiceApplication         : No active profile set, falling back to default profiles: default
2020-10-24 21:56:21.483  INFO 15048 --- [restartedMain] .s.d.r.c.RepositoryConfigurationDelegate : Bootstrapping Spring Data JPA repositories in DEFERRED mode.
2020-10-24 21:56:21.700  INFO 15048 --- [restartedMain] .s.d.r.c.RepositoryConfigurationDelegate : Finished Spring Data repository scanning in 182ms. Found 1 JPA repository interfaces.
2020-10-24 21:56:22.334  INFO 15048 --- [restartedMain] o.s.cloud.context.scope.GenericScope     : BeanFactory id=94dff5ae-a99e-3ea4-b14d-d5dcea1c4bfa
2020-10-24 21:56:23.688  INFO 15048 --- [restartedMain] o.s.b.w.embedded.tomcat.TomcatWebServer  : Tomcat initialized with port(s): 8092 (http)
2020-10-24 21:56:23.716  INFO 15048 --- [restartedMain] o.apache.catalina.core.StandardService   : Starting service [Tomcat]
2020-10-24 21:56:23.718  INFO 15048 --- [restartedMain] org.apache.catalina.core.StandardEngine  : Starting Servlet engine: [Apache Tomcat/9.0.37]
2020-10-24 21:56:23.974  INFO 15048 --- [restartedMain] o.a.c.c.C.[Tomcat].[localhost].[/]       : Initializing Spring embedded WebApplicationContext
2020-10-24 21:56:23.975  INFO 15048 --- [restartedMain] w.s.c.ServletWebServerApplicationContext : Root WebApplicationContext: initialization completed in 4550 ms
2020-10-24 21:56:24.745  INFO 15048 --- [restartedMain] o.s.s.concurrent.ThreadPoolTaskExecutor  : Initializing ExecutorService 'applicationTaskExecutor'
2020-10-24 21:56:24.862  INFO 15048 --- [task-1] o.hibernate.jpa.internal.util.LogHelper  : HHH000204: Processing PersistenceUnitInfo [name: default]
2020-10-24 21:56:25.046  INFO 15048 --- [task-1] org.hibernate.Version                    : HHH000412: Hibernate ORM core version 5.4.18.Final
2020-10-24 21:56:25.679  INFO 15048 --- [task-1] o.hibernate.annotations.common.Version   : HCANN000001: Hibernate Commons Annotations {5.1.0.Final}
2020-10-24 21:56:26.074  INFO 15048 --- [task-1] com.zaxxer.hikari.HikariDataSource       : HikariPool-1 - Starting...
2020-10-24 21:56:26.562  INFO 15048 --- [task-1] com.zaxxer.hikari.HikariDataSource       : HikariPool-1 - Start completed.
2020-10-24 21:56:26.622  INFO 15048 --- [task-1] org.hibernate.dialect.Dialect            : HHH000400: Using dialect: org.hibernate.dialect.MySQL8Dialect
2020-10-24 21:56:26.676  WARN 15048 --- [restartedMain] JpaBaseConfiguration$JpaWebConfiguration : spring.jpa.open-in-view is enabled by default. Therefore, database queries may be performed during view rendering. Explicitly configure spring.jpa.open-in-view to disable this warning
2020-10-24 21:56:29.273  INFO 15048 --- [task-1] o.h.e.t.j.p.i.JtaPlatformInitiator       : HHH000490: Using JtaPlatform implementation: [org.hibernate.engine.transaction.jta.platform.internal.NoJtaPlatform]
2020-10-24 21:56:29.303  INFO 15048 --- [task-1] j.LocalContainerEntityManagerFactoryBean : Initialized JPA EntityManagerFactory for persistence unit 'default'
2020-10-24 21:56:29.411  WARN 15048 --- [task-2] o.s.b.d.a.OptionalLiveReloadServer       : Unable to start LiveReload server
2020-10-24 21:56:29.447  INFO 15048 --- [RMI TCP Connection(3)-127.0.0.1] o.a.c.c.C.[Tomcat].[localhost].[/]       : Initializing Spring DispatcherServlet 'dispatcherServlet'
2020-10-24 21:56:29.449  INFO 15048 --- [RMI TCP Connection(3)-127.0.0.1] o.s.web.servlet.DispatcherServlet        : Initializing Servlet 'dispatcherServlet'
2020-10-24 21:56:29.552  INFO 15048 --- [RMI TCP Connection(3)-127.0.0.1] o.s.b.a.e.web.EndpointLinksResolver      : Exposing 2 endpoint(s) beneath base path '/actuator'
2020-10-24 21:56:29.669  INFO 15048 --- [RMI TCP Connection(3)-127.0.0.1] o.s.web.servlet.DispatcherServlet        : Completed initialization in 218 ms
2020-10-24 21:56:30.240  INFO 15048 --- [restartedMain] o.s.b.w.embedded.tomcat.TomcatWebServer  : Tomcat started on port(s): 8092 (http) with context path ''
2020-10-24 21:56:31.505  INFO 15048 --- [restartedMain] DeferredRepositoryInitializationListener : Triggering deferred initialization of Spring Data repositories…
2020-10-24 21:56:32.246  INFO 15048 --- [restartedMain] DeferredRepositoryInitializationListener : Spring Data repositories initialized!
2020-10-24 21:56:32.259  INFO 15048 --- [restartedMain] c.s.e.EmployeeServiceApplication         : Started EmployeeServiceApplication in 27.964 seconds (JVM running for 30.86)
2020-10-24 21:57:45.248  INFO 15048 --- [http-nio-8092-exec-6] c.s.e.controller.EmployeeController      : Start
2020-10-24 21:57:45.323  INFO 15048 --- [http-nio-8092-exec-6] c.s.e.service.EmployeeServiceImpl        : Start
2020-10-24 21:57:46.215 DEBUG 15048 --- [http-nio-8092-exec-6] org.hibernate.SQL                        : select employee0_.emp_id as emp_id1_0_, employee0_.emp_domain as emp_doma2_0_, employee0_.emp_designation as emp_desi3_0_, employee0_.emp_name as emp_name4_0_, employee0_.emp_salary as emp_sala5_0_ from employee employee0_
2020-10-24 21:57:46.270 TRACE 15048 --- [http-nio-8092-exec-6] o.h.type.descriptor.sql.BasicExtractor   : extracted value ([emp_id1_0_] : [BIGINT]) - [1]
2020-10-24 21:57:46.300 TRACE 15048 --- [http-nio-8092-exec-6] o.h.type.descriptor.sql.BasicExtractor   : extracted value ([emp_doma2_0_] : [VARCHAR]) - [Healthcare]
2020-10-24 21:57:46.301 TRACE 15048 --- [http-nio-8092-exec-6] o.h.type.descriptor.sql.BasicExtractor   : extracted value ([emp_desi3_0_] : [VARCHAR]) - [Trainee]
2020-10-24 21:57:46.304 TRACE 15048 --- [http-nio-8092-exec-6] o.h.type.descriptor.sql.BasicExtractor   : extracted value ([emp_name4_0_] : [VARCHAR]) - [Ram]
2020-10-24 21:57:46.307 TRACE 15048 --- [http-nio-8092-exec-6] o.h.type.descriptor.sql.BasicExtractor   : extracted value ([emp_sala5_0_] : [VARCHAR]) - [27000]
2020-10-24 21:57:46.316 TRACE 15048 --- [http-nio-8092-exec-6] o.h.type.descriptor.sql.BasicExtractor   : extracted value ([emp_id1_0_] : [BIGINT]) - [2]
2020-10-24 21:57:46.317 TRACE 15048 --- [http-nio-8092-exec-6] o.h.type.descriptor.sql.BasicExtractor   : extracted value ([emp_doma2_0_] : [VARCHAR]) - [Insurance]
2020-10-24 21:57:46.319 TRACE 15048 --- [http-nio-8092-exec-6] o.h.type.descriptor.sql.BasicExtractor   : extracted value ([emp_desi3_0_] : [VARCHAR]) - [Analyst]
2020-10-24 21:57:46.321 TRACE 15048 --- [http-nio-8092-exec-6] o.h.type.descriptor.sql.BasicExtractor   : extracted value ([emp_name4_0_] : [VARCHAR]) - [Dhanush]
2020-10-24 21:57:46.324 TRACE 15048 --- [http-nio-8092-exec-6] o.h.type.descriptor.sql.BasicExtractor   : extracted value ([emp_sala5_0_] : [VARCHAR]) - [30000]
2020-10-24 21:57:46.326 TRACE 15048 --- [http-nio-8092-exec-6] o.h.type.descriptor.sql.BasicExtractor   : extracted value ([emp_id1_0_] : [BIGINT]) - [3]
2020-10-24 21:57:46.328 TRACE 15048 --- [http-nio-8092-exec-6] o.h.type.descriptor.sql.BasicExtractor   : extracted value ([emp_doma2_0_] : [VARCHAR]) - [Retail]
2020-10-24 21:57:46.331 TRACE 15048 --- [http-nio-8092-exec-6] o.h.type.descriptor.sql.BasicExtractor   : extracted value ([emp_desi3_0_] : [VARCHAR]) - [Associatte]
2020-10-24 21:57:46.333 TRACE 15048 --- [http-nio-8092-exec-6] o.h.type.descriptor.sql.BasicExtractor   : extracted value ([emp_name4_0_] : [VARCHAR]) - [Dinesh]
2020-10-24 21:57:46.334 TRACE 15048 --- [http-nio-8092-exec-6] o.h.type.descriptor.sql.BasicExtractor   : extracted value ([emp_sala5_0_] : [VARCHAR]) - [45000]
2020-10-24 21:57:46.336 TRACE 15048 --- [http-nio-8092-exec-6] o.h.type.descriptor.sql.BasicExtractor   : extracted value ([emp_id1_0_] : [BIGINT]) - [4]
2020-10-24 21:57:46.337 TRACE 15048 --- [http-nio-8092-exec-6] o.h.type.descriptor.sql.BasicExtractor   : extracted value ([emp_doma2_0_] : [VARCHAR]) - [Healthcare]
2020-10-24 21:57:46.340 TRACE 15048 --- [http-nio-8092-exec-6] o.h.type.descriptor.sql.BasicExtractor   : extracted value ([emp_desi3_0_] : [VARCHAR]) - [Analyst]
2020-10-24 21:57:46.342 TRACE 15048 --- [http-nio-8092-exec-6] o.h.type.descriptor.sql.BasicExtractor   : extracted value ([emp_name4_0_] : [VARCHAR]) - [Rajesh]
2020-10-24 21:57:46.344 TRACE 15048 --- [http-nio-8092-exec-6] o.h.type.descriptor.sql.BasicExtractor   : extracted value ([emp_sala5_0_] : [VARCHAR]) - [35000]
2020-10-24 21:57:46.346 TRACE 15048 --- [http-nio-8092-exec-6] o.h.type.descriptor.sql.BasicExtractor   : extracted value ([emp_id1_0_] : [BIGINT]) - [5]
2020-10-24 21:57:46.349 TRACE 15048 --- [http-nio-8092-exec-6] o.h.type.descriptor.sql.BasicExtractor   : extracted value ([emp_doma2_0_] : [VARCHAR]) - [Insurance]
2020-10-24 21:57:46.351 TRACE 15048 --- [http-nio-8092-exec-6] o.h.type.descriptor.sql.BasicExtractor   : extracted value ([emp_desi3_0_] : [VARCHAR]) - [Adsociate]
2020-10-24 21:57:46.354 TRACE 15048 --- [http-nio-8092-exec-6] o.h.type.descriptor.sql.BasicExtractor   : extracted value ([emp_name4_0_] : [VARCHAR]) - [Sundar]
2020-10-24 21:57:46.359 TRACE 15048 --- [http-nio-8092-exec-6] o.h.type.descriptor.sql.BasicExtractor   : extracted value ([emp_sala5_0_] : [VARCHAR]) - [40000]
2020-10-24 22:18:16.198  INFO 15048 --- [Thread-4] j.LocalContainerEntityManagerFactoryBean : Closing JPA EntityManagerFactory for persistence unit 'default'
2020-10-24 22:18:16.235  INFO 15048 --- [Thread-4] o.s.s.concurrent.ThreadPoolTaskExecutor  : Shutting down ExecutorService 'applicationTaskExecutor'
2020-10-24 22:18:16.250  INFO 15048 --- [Thread-4] com.zaxxer.hikari.HikariDataSource       : HikariPool-1 - Shutdown initiated...
2020-10-24 22:18:16.385  INFO 15048 --- [Thread-4] com.zaxxer.hikari.HikariDataSource       : HikariPool-1 - Shutdown completed.
2020-10-24 22:18:23.432  INFO 15048 --- [restartedMain] c.s.e.EmployeeServiceApplication         : No active profile set, falling back to default profiles: default
2020-10-24 22:18:25.008  INFO 15048 --- [restartedMain] .s.d.r.c.RepositoryConfigurationDelegate : Bootstrapping Spring Data JPA repositories in DEFERRED mode.
2020-10-24 22:18:25.046  INFO 15048 --- [restartedMain] .s.d.r.c.RepositoryConfigurationDelegate : Finished Spring Data repository scanning in 36ms. Found 1 JPA repository interfaces.
2020-10-24 22:18:25.146  INFO 15048 --- [restartedMain] o.s.cloud.context.scope.GenericScope     : BeanFactory id=94dff5ae-a99e-3ea4-b14d-d5dcea1c4bfa
2020-10-24 22:18:25.828  INFO 15048 --- [restartedMain] o.s.b.w.embedded.tomcat.TomcatWebServer  : Tomcat initialized with port(s): 8092 (http)
2020-10-24 22:18:25.831  INFO 15048 --- [restartedMain] o.apache.catalina.core.StandardService   : Starting service [Tomcat]
2020-10-24 22:18:25.832  INFO 15048 --- [restartedMain] org.apache.catalina.core.StandardEngine  : Starting Servlet engine: [Apache Tomcat/9.0.37]
2020-10-24 22:18:25.929  INFO 15048 --- [restartedMain] o.a.c.c.C.[Tomcat].[localhost].[/]       : Initializing Spring embedded WebApplicationContext
2020-10-24 22:18:25.930  INFO 15048 --- [restartedMain] w.s.c.ServletWebServerApplicationContext : Root WebApplicationContext: initialization completed in 2481 ms
2020-10-24 22:18:26.216  INFO 15048 --- [restartedMain] o.s.s.concurrent.ThreadPoolTaskExecutor  : Initializing ExecutorService 'applicationTaskExecutor'
2020-10-24 22:18:26.238  INFO 15048 --- [task-1] o.hibernate.jpa.internal.util.LogHelper  : HHH000204: Processing PersistenceUnitInfo [name: default]
2020-10-24 22:18:26.263  INFO 15048 --- [task-1] com.zaxxer.hikari.HikariDataSource       : HikariPool-2 - Starting...
2020-10-24 22:18:26.349  INFO 15048 --- [task-1] com.zaxxer.hikari.HikariDataSource       : HikariPool-2 - Start completed.
2020-10-24 22:18:26.351  INFO 15048 --- [task-1] org.hibernate.dialect.Dialect            : HHH000400: Using dialect: org.hibernate.dialect.MySQL8Dialect
2020-10-24 22:18:26.544  INFO 15048 --- [task-1] o.h.e.t.j.p.i.JtaPlatformInitiator       : HHH000490: Using JtaPlatform implementation: [org.hibernate.engine.transaction.jta.platform.internal.NoJtaPlatform]
2020-10-24 22:18:26.545  INFO 15048 --- [task-1] j.LocalContainerEntityManagerFactoryBean : Initialized JPA EntityManagerFactory for persistence unit 'default'
2020-10-24 22:18:27.502  WARN 15048 --- [task-2] o.s.b.d.a.OptionalLiveReloadServer       : Unable to start LiveReload server
2020-10-24 22:18:27.550  WARN 15048 --- [restartedMain] JpaBaseConfiguration$JpaWebConfiguration : spring.jpa.open-in-view is enabled by default. Therefore, database queries may be performed during view rendering. Explicitly configure spring.jpa.open-in-view to disable this warning
2020-10-24 22:18:28.176  INFO 15048 --- [restartedMain] o.s.b.a.e.web.EndpointLinksResolver      : Exposing 2 endpoint(s) beneath base path '/actuator'
2020-10-24 22:18:28.336  INFO 15048 --- [restartedMain] o.s.b.w.embedded.tomcat.TomcatWebServer  : Tomcat started on port(s): 8092 (http) with context path ''
2020-10-24 22:18:29.618  INFO 15048 --- [restartedMain] DeferredRepositoryInitializationListener : Triggering deferred initialization of Spring Data repositories…
2020-10-24 22:18:29.713  INFO 15048 --- [restartedMain] DeferredRepositoryInitializationListener : Spring Data repositories initialized!
2020-10-24 22:18:29.726  INFO 15048 --- [restartedMain] c.s.e.EmployeeServiceApplication         : Started EmployeeServiceApplication in 12.409 seconds (JVM running for 1348.326)
2020-10-24 22:18:29.737  INFO 15048 --- [restartedMain] .ConditionEvaluationDeltaLoggingListener : Condition evaluation unchanged
2020-10-24 22:18:33.776  INFO 15048 --- [Thread-16] j.LocalContainerEntityManagerFactoryBean : Closing JPA EntityManagerFactory for persistence unit 'default'
2020-10-24 22:18:33.777  INFO 15048 --- [Thread-16] o.s.s.concurrent.ThreadPoolTaskExecutor  : Shutting down ExecutorService 'applicationTaskExecutor'
2020-10-24 22:18:33.779  INFO 15048 --- [Thread-16] com.zaxxer.hikari.HikariDataSource       : HikariPool-2 - Shutdown initiated...
2020-10-24 22:18:33.860  INFO 15048 --- [Thread-16] com.zaxxer.hikari.HikariDataSource       : HikariPool-2 - Shutdown completed.
2020-10-24 22:18:40.127  INFO 15048 --- [restartedMain] c.s.e.EmployeeServiceApplication         : No active profile set, falling back to default profiles: default
2020-10-24 22:18:41.169  INFO 15048 --- [restartedMain] .s.d.r.c.RepositoryConfigurationDelegate : Bootstrapping Spring Data JPA repositories in DEFERRED mode.
2020-10-24 22:18:41.198  INFO 15048 --- [restartedMain] .s.d.r.c.RepositoryConfigurationDelegate : Finished Spring Data repository scanning in 27ms. Found 1 JPA repository interfaces.
2020-10-24 22:18:41.312  INFO 15048 --- [restartedMain] o.s.cloud.context.scope.GenericScope     : BeanFactory id=94dff5ae-a99e-3ea4-b14d-d5dcea1c4bfa
2020-10-24 22:18:41.658  INFO 15048 --- [restartedMain] o.s.b.w.embedded.tomcat.TomcatWebServer  : Tomcat initialized with port(s): 8092 (http)
2020-10-24 22:18:41.661  INFO 15048 --- [restartedMain] o.apache.catalina.core.StandardService   : Starting service [Tomcat]
2020-10-24 22:18:41.661  INFO 15048 --- [restartedMain] org.apache.catalina.core.StandardEngine  : Starting Servlet engine: [Apache Tomcat/9.0.37]
2020-10-24 22:18:41.715  INFO 15048 --- [restartedMain] o.a.c.c.C.[Tomcat].[localhost].[/]       : Initializing Spring embedded WebApplicationContext
2020-10-24 22:18:41.716  INFO 15048 --- [restartedMain] w.s.c.ServletWebServerApplicationContext : Root WebApplicationContext: initialization completed in 1572 ms
2020-10-24 22:18:41.958  INFO 15048 --- [restartedMain] o.s.s.concurrent.ThreadPoolTaskExecutor  : Initializing ExecutorService 'applicationTaskExecutor'
2020-10-24 22:18:41.978  INFO 15048 --- [task-1] o.hibernate.jpa.internal.util.LogHelper  : HHH000204: Processing PersistenceUnitInfo [name: default]
2020-10-24 22:18:41.991  INFO 15048 --- [task-1] com.zaxxer.hikari.HikariDataSource       : HikariPool-3 - Starting...
2020-10-24 22:18:42.026  INFO 15048 --- [task-1] com.zaxxer.hikari.HikariDataSource       : HikariPool-3 - Start completed.
2020-10-24 22:18:42.027  INFO 15048 --- [task-1] org.hibernate.dialect.Dialect            : HHH000400: Using dialect: org.hibernate.dialect.MySQL8Dialect
2020-10-24 22:18:42.131  INFO 15048 --- [task-1] o.h.e.t.j.p.i.JtaPlatformInitiator       : HHH000490: Using JtaPlatform implementation: [org.hibernate.engine.transaction.jta.platform.internal.NoJtaPlatform]
2020-10-24 22:18:42.132  INFO 15048 --- [task-1] j.LocalContainerEntityManagerFactoryBean : Initialized JPA EntityManagerFactory for persistence unit 'default'
2020-10-24 22:18:43.538  WARN 15048 --- [task-2] o.s.b.d.a.OptionalLiveReloadServer       : Unable to start LiveReload server
2020-10-24 22:18:43.581  WARN 15048 --- [restartedMain] JpaBaseConfiguration$JpaWebConfiguration : spring.jpa.open-in-view is enabled by default. Therefore, database queries may be performed during view rendering. Explicitly configure spring.jpa.open-in-view to disable this warning
2020-10-24 22:18:44.122  INFO 15048 --- [restartedMain] o.s.b.a.e.web.EndpointLinksResolver      : Exposing 2 endpoint(s) beneath base path '/actuator'
2020-10-24 22:18:44.276  INFO 15048 --- [restartedMain] o.s.b.w.embedded.tomcat.TomcatWebServer  : Tomcat started on port(s): 8092 (http) with context path ''
2020-10-24 22:18:45.626  INFO 15048 --- [restartedMain] DeferredRepositoryInitializationListener : Triggering deferred initialization of Spring Data repositories…
2020-10-24 22:18:45.826  INFO 15048 --- [restartedMain] DeferredRepositoryInitializationListener : Spring Data repositories initialized!
2020-10-24 22:18:45.852  INFO 15048 --- [restartedMain] c.s.e.EmployeeServiceApplication         : Started EmployeeServiceApplication in 11.456 seconds (JVM running for 1364.453)
2020-10-24 22:18:45.860  INFO 15048 --- [restartedMain] .ConditionEvaluationDeltaLoggingListener : Condition evaluation unchanged
2020-10-24 22:29:31.124  INFO 15048 --- [Thread-26] j.LocalContainerEntityManagerFactoryBean : Closing JPA EntityManagerFactory for persistence unit 'default'
2020-10-24 22:29:31.126  INFO 15048 --- [Thread-26] o.s.s.concurrent.ThreadPoolTaskExecutor  : Shutting down ExecutorService 'applicationTaskExecutor'
2020-10-24 22:29:31.128  INFO 15048 --- [Thread-26] com.zaxxer.hikari.HikariDataSource       : HikariPool-3 - Shutdown initiated...
2020-10-24 22:29:31.216  INFO 15048 --- [Thread-26] com.zaxxer.hikari.HikariDataSource       : HikariPool-3 - Shutdown completed.
2020-10-24 22:29:37.831  INFO 15048 --- [restartedMain] c.s.e.EmployeeServiceApplication         : No active profile set, falling back to default profiles: default
2020-10-24 22:29:38.985  INFO 15048 --- [restartedMain] .s.d.r.c.RepositoryConfigurationDelegate : Bootstrapping Spring Data JPA repositories in DEFERRED mode.
2020-10-24 22:29:39.024  INFO 15048 --- [restartedMain] .s.d.r.c.RepositoryConfigurationDelegate : Finished Spring Data repository scanning in 38ms. Found 1 JPA repository interfaces.
2020-10-24 22:29:39.236  INFO 15048 --- [restartedMain] o.s.cloud.context.scope.GenericScope     : BeanFactory id=94dff5ae-a99e-3ea4-b14d-d5dcea1c4bfa
2020-10-24 22:29:39.895  INFO 15048 --- [restartedMain] o.s.b.w.embedded.tomcat.TomcatWebServer  : Tomcat initialized with port(s): 8092 (http)
2020-10-24 22:29:39.897  INFO 15048 --- [restartedMain] o.apache.catalina.core.StandardService   : Starting service [Tomcat]
2020-10-24 22:29:39.898  INFO 15048 --- [restartedMain] org.apache.catalina.core.StandardEngine  : Starting Servlet engine: [Apache Tomcat/9.0.37]
2020-10-24 22:29:39.958  INFO 15048 --- [restartedMain] o.a.c.c.C.[Tomcat].[localhost].[/]       : Initializing Spring embedded WebApplicationContext
2020-10-24 22:29:39.959  INFO 15048 --- [restartedMain] w.s.c.ServletWebServerApplicationContext : Root WebApplicationContext: initialization completed in 2115 ms
2020-10-24 22:29:40.123  INFO 15048 --- [restartedMain] o.s.s.concurrent.ThreadPoolTaskExecutor  : Initializing ExecutorService 'applicationTaskExecutor'
2020-10-24 22:29:40.135  INFO 15048 --- [task-1] o.hibernate.jpa.internal.util.LogHelper  : HHH000204: Processing PersistenceUnitInfo [name: default]
2020-10-24 22:29:40.148  INFO 15048 --- [task-1] com.zaxxer.hikari.HikariDataSource       : HikariPool-4 - Starting...
2020-10-24 22:29:40.206  INFO 15048 --- [task-1] com.zaxxer.hikari.HikariDataSource       : HikariPool-4 - Start completed.
2020-10-24 22:29:40.208  INFO 15048 --- [task-1] org.hibernate.dialect.Dialect            : HHH000400: Using dialect: org.hibernate.dialect.MySQL8Dialect
2020-10-24 22:29:40.279  INFO 15048 --- [task-1] o.h.e.t.j.p.i.JtaPlatformInitiator       : HHH000490: Using JtaPlatform implementation: [org.hibernate.engine.transaction.jta.platform.internal.NoJtaPlatform]
2020-10-24 22:29:40.282  INFO 15048 --- [task-1] j.LocalContainerEntityManagerFactoryBean : Initialized JPA EntityManagerFactory for persistence unit 'default'
2020-10-24 22:29:41.480  WARN 15048 --- [task-2] o.s.b.d.a.OptionalLiveReloadServer       : Unable to start LiveReload server
2020-10-24 22:29:41.510  WARN 15048 --- [restartedMain] JpaBaseConfiguration$JpaWebConfiguration : spring.jpa.open-in-view is enabled by default. Therefore, database queries may be performed during view rendering. Explicitly configure spring.jpa.open-in-view to disable this warning
2020-10-24 22:29:41.949  INFO 15048 --- [restartedMain] o.s.b.a.e.web.EndpointLinksResolver      : Exposing 2 endpoint(s) beneath base path '/actuator'
2020-10-24 22:29:42.101  INFO 15048 --- [restartedMain] o.s.b.w.embedded.tomcat.TomcatWebServer  : Tomcat started on port(s): 8092 (http) with context path ''
2020-10-24 22:29:43.288  INFO 15048 --- [restartedMain] DeferredRepositoryInitializationListener : Triggering deferred initialization of Spring Data repositories…
2020-10-24 22:29:43.418  INFO 15048 --- [restartedMain] DeferredRepositoryInitializationListener : Spring Data repositories initialized!
2020-10-24 22:29:43.443  INFO 15048 --- [restartedMain] c.s.e.EmployeeServiceApplication         : Started EmployeeServiceApplication in 11.868 seconds (JVM running for 2022.043)
